<?xml version="1.0" encoding="UTF-8"?>
<Site BuildName="Linux-icpc"
	BuildStamp="20240423-1831-Experimental"
	Name="snares-03"
	Generator="ctest-3.29.2"
	CompilerName="/s/intelcompilers-2019/amd64_rhel6/compilers_and_libraries_2019.5.281/linux/bin/intel64/icpc"
	CompilerVersion="19.0.5.20190815"
	OSName="Linux"
	Hostname="snares-03"
	OSRelease="5.15.0-105-generic"
	OSVersion="#115-Ubuntu SMP Mon Apr 15 09:52:04 UTC 2024"
	OSPlatform="x86_64"
	Is64Bits="1"
	VendorString="GenuineIntel"
	VendorID="Intel Corporation"
	FamilyID="6"
	ModelID="167"
	ProcessorCacheSize="12288"
	NumberOfLogicalCPU="12"
	NumberOfPhysicalCPU="6"
	TotalVirtualMemory="8191"
	TotalPhysicalMemory="15714"
	LogicalProcessorsPerPhysical="2"
	ProcessorClockFrequency="2700"
	>
	<Testing>
		<StartDateTime>Apr 23 13:35 CDT</StartDateTime>
		<StartTestTime>1713897305</StartTestTime>
		<TestList/>
		<EndDateTime>Apr 23 13:35 CDT</EndDateTime>
		<EndTestTime>1713897305</EndTestTime>
		<ElapsedMinutes>0</ElapsedMinutes>
	</Testing>
</Site>
